<?xml version="1.0" encoding="utf-8"?><testsuites name="pytest tests"><testsuite name="pytest" errors="0" failures="1" skipped="0" tests="9" time="0.141" timestamp="2025-10-26T06:16:40.893483+00:00" hostname="VitaliiK"><testcase classname="tests.test_accum" name="test_accumulator_init" time="0.003" /><testcase classname="tests.test_accum" name="test_accumulator_add_one" time="0.003" /><testcase classname="tests.test_accum" name="test_accumulator_add_three" time="0.002" /><testcase classname="tests.test_accum" name="test_accumulator_add_twice" time="0.002" /><testcase classname="tests.test_accum" name="test_accumulator_cannot_set_count_directly" time="0.001" /><testcase classname="tests.test_math" name="test_one_plus_one" time="0.002"><failure message="assert (1 + 1) == 0">def test_one_plus_one ():
&gt;       assert 1+1==0
E       assert (1 + 1) == 0

tests\test_math.py:4: AssertionError</failure></testcase><testcase classname="tests.test_math" name="test_one_plus_two" time="0.001" /><testcase classname="tests.test_math" name="test_devide_by_zero" time="0.001" /><testcase classname="tests.test_math" name="test_recursion_depth" time="0.001" /></testsuite></testsuites>